<?xml version="1.0" encoding="UTF-8"?>
<!-- Generated by org.testng.reporters.JUnitXMLReporter -->
<testsuite ignored="0" hostname="DESKTOP-PV0FJ1Q" failures="1" tests="1" name="Ecommerce Application Test" time="0.065" errors="0" timestamp="2021-12-30T01:29:24 IST">
  <testcase classname="ecommerce.products.TC.TC_HealthCheck" name="TC_ecommerce_search" time="0.0">
    <failure type="org.testng.TestNGException" message="
Parameter &amp;apos;browser&amp;apos; is required by @Test on method TC_ecommerce_search but has not been marked @Optional or defined
in D:\JavaDemo\Temp\src\test\resources\TestNGRunner.xml">
      <![CDATA[org.testng.TestNGException: 
Parameter 'browser' is required by @Test on method TC_ecommerce_search but has not been marked @Optional or defined
in D:\JavaDemo\Temp\src\test\resources\TestNGRunner.xml
at java.base/java.util.ArrayList.forEach(ArrayList.java:1511)
... Removed 26 stack frames]]>
    </failure>
  </testcase> <!-- TC_ecommerce_search -->
</testsuite> <!-- Ecommerce Application Test -->
